Using pre-set license
Built from '2020.3/staging' branch; Version is '2020.3.3f1 (76626098c1c4) revision 7758432'; Using compiler version '192528614'; Build Type 'Release'
OS: 'Windows 10 Pro; OS build 19043.1237; Version 2009; 64bit' Language: 'en' Physical Memory: 16345 MB
BatchMode: 1, IsHumanControllingUs: 0, StartBugReporterOnCrash: 0, Is64bit: 1, IsPro: 0

 COMMAND LINE ARGUMENTS:
C:\Program Files\Unity\Hub\Editor\2020.3.3f1\Editor\Unity.exe
-adb2
-batchMode
-noUpm
-name
AssetImportWorker0
-projectPath
D:/Admin/Kalyani/Cat Jump
-logFile
Logs/AssetImportWorker0.log
-srvPort
57281
Successfully changed project path to: D:/Admin/Kalyani/Cat Jump
D:/Admin/Kalyani/Cat Jump
Using Asset Import Pipeline V2.
Refreshing native plugins compatible for Editor in 61.59 ms, found 1 plugins.
Preloading 0 native plugins for Editor in 0.00 ms.
Initialize engine version: 2020.3.3f1 (76626098c1c4)
[Subsystems] Discovering subsystems at path C:/Program Files/Unity/Hub/Editor/2020.3.3f1/Editor/Data/Resources/UnitySubsystems
[Subsystems] Discovering subsystems at path D:/Admin/Kalyani/Cat Jump/Assets
GfxDevice: creating device client; threaded=0
Direct3D:
    Version:  Direct3D 11.0 [level 11.0]
    Renderer: NVIDIA GeForce GTX 650 Ti (ID=0x11c6)
    Vendor:   
    VRAM:     984 MB
    Driver:   27.21.14.5671
Initialize mono
Mono path[0] = 'C:/Program Files/Unity/Hub/Editor/2020.3.3f1/Editor/Data/Managed'
Mono path[1] = 'C:/Program Files/Unity/Hub/Editor/2020.3.3f1/Editor/Data/MonoBleedingEdge/lib/mono/unityjit'
Mono config path = 'C:/Program Files/Unity/Hub/Editor/2020.3.3f1/Editor/Data/MonoBleedingEdge/etc'
Using monoOptions --debugger-agent=transport=dt_socket,embedding=1,server=y,suspend=n,address=127.0.0.1:56948
Begin MonoManager ReloadAssembly
Registering precompiled unity dll's ...
Register platform support module: C:/Program Files/Unity/Hub/Editor/2020.3.3f1/Editor/Data/PlaybackEngines/WindowsStandaloneSupport/UnityEditor.WindowsStandalone.Extensions.dll
Registered in 0.002639 seconds.
Native extension for WindowsStandalone target not found
Refreshing native plugins compatible for Editor in 55.29 ms, found 1 plugins.
Preloading 0 native plugins for Editor in 0.00 ms.
Invoked RoslynAnalysisRunner static constructor.
RoslynAnalysisRunner will not be running.
RoslynAnalysisRunner has terminated.
Mono: successfully reloaded assembly
- Completed reload, in  1.453 seconds
Platform modules already initialized, skipping
Registering precompiled user dll's ...
Registered in 0.001435 seconds.
Begin MonoManager ReloadAssembly
Native extension for WindowsStandalone target not found
Refreshing native plugins compatible for Editor in 57.37 ms, found 1 plugins.
Preloading 0 native plugins for Editor in 0.00 ms.
Invoked RoslynAnalysisRunner static constructor.
RoslynAnalysisRunner will not be running.
RoslynAnalysisRunner has terminated.
Mono: successfully reloaded assembly
- Completed reload, in  1.895 seconds
Platform modules already initialized, skipping
========================================================================
Worker process is ready to serve import requests
Launched and connected shader compiler UnityShaderCompiler.exe after 0.11 seconds
Refreshing native plugins compatible for Editor in 0.50 ms, found 1 plugins.
Preloading 0 native plugins for Editor in 0.00 ms.
Unloading 1976 Unused Serialized files (Serialized files now loaded: 0)
System memory in use before: 92.6 MB.
System memory in use after: 92.5 MB.

Unloading 25 unused Assets to reduce memory usage. Loaded Objects now: 2419.
Total: 3.373200 ms (FindLiveObjects: 0.281300 ms CreateObjectMapping: 0.179500 ms MarkObjects: 2.723700 ms  DeleteObjects: 0.186800 ms)

========================================================================
Received Import Request.
  path: Assets/Scripts/LevelsController/GameOver.cs
  artifactKey: Guid(cbc69fcd0d115b14a9887fe372cf4e15) Importer(815301076,1909f56bfc062723c751e8b465ee728b)
Start importing Assets/Scripts/LevelsController/GameOver.cs using Guid(cbc69fcd0d115b14a9887fe372cf4e15) Importer(815301076,1909f56bfc062723c751e8b465ee728b)  -> (artifact id: '96a9bbf191fcb43ffa0ffda4f82e70ae') in 0.030642 seconds
  Import took 0.035842 seconds .

========================================================================
Received Import Request.
  Time since last request: 277.696944 seconds.
  path: Assets/Scripts/LevelsController/GameOver.cs
  artifactKey: Guid(cbc69fcd0d115b14a9887fe372cf4e15) Importer(815301076,1909f56bfc062723c751e8b465ee728b)
Start importing Assets/Scripts/LevelsController/GameOver.cs using Guid(cbc69fcd0d115b14a9887fe372cf4e15) Importer(815301076,1909f56bfc062723c751e8b465ee728b)  -> (artifact id: '3dd360db85bc0a9985b8a32cf15d0e70') in 0.003132 seconds
  Import took 0.007677 seconds .

========================================================================
Received Prepare
Registering precompiled user dll's ...
Registered in 0.001145 seconds.
Begin MonoManager ReloadAssembly
Native extension for WindowsStandalone target not found
Refreshing native plugins compatible for Editor in 0.47 ms, found 1 plugins.
Preloading 0 native plugins for Editor in 0.00 ms.
Invoked RoslynAnalysisRunner static constructor.
RoslynAnalysisRunner will not be running.
RoslynAnalysisRunner has terminated.
Mono: successfully reloaded assembly
- Completed reload, in  1.113 seconds
Platform modules already initialized, skipping
Refreshing native plugins compatible for Editor in 0.48 ms, found 1 plugins.
Preloading 0 native plugins for Editor in 0.00 ms.
Unloading 1956 Unused Serialized files (Serialized files now loaded: 0)
System memory in use before: 91.1 MB.
System memory in use after: 91.1 MB.

Unloading 13 unused Assets to reduce memory usage. Loaded Objects now: 2423.
Total: 2.403300 ms (FindLiveObjects: 0.207200 ms CreateObjectMapping: 0.082100 ms MarkObjects: 1.982000 ms  DeleteObjects: 0.130600 ms)

========================================================================
Received Import Request.
  Time since last request: 871.515235 seconds.
  path: Assets/Scripts/UIHandler/UIController.cs
  artifactKey: Guid(95f3092f918d4824483c835262594f46) Importer(815301076,1909f56bfc062723c751e8b465ee728b)
Start importing Assets/Scripts/UIHandler/UIController.cs using Guid(95f3092f918d4824483c835262594f46) Importer(815301076,1909f56bfc062723c751e8b465ee728b)  -> (artifact id: 'fedf186809d494998b8d0c907f074e1a') in 0.014181 seconds
  Import took 0.018280 seconds .

========================================================================
Received Import Request.
  Time since last request: 0.021221 seconds.
  path: Assets/Scripts/UIHandler/UIController.cs
  artifactKey: Guid(95f3092f918d4824483c835262594f46) Importer(815301076,1909f56bfc062723c751e8b465ee728b)
Start importing Assets/Scripts/UIHandler/UIController.cs using Guid(95f3092f918d4824483c835262594f46) Importer(815301076,1909f56bfc062723c751e8b465ee728b)  -> (artifact id: 'fedf186809d494998b8d0c907f074e1a') in 0.004352 seconds
  Import took 0.008085 seconds .

========================================================================
Received Prepare
Registering precompiled user dll's ...
Registered in 0.001207 seconds.
Begin MonoManager ReloadAssembly
Native extension for WindowsStandalone target not found
Refreshing native plugins compatible for Editor in 0.47 ms, found 1 plugins.
Preloading 0 native plugins for Editor in 0.00 ms.
Invoked RoslynAnalysisRunner static constructor.
RoslynAnalysisRunner will not be running.
RoslynAnalysisRunner has terminated.
Mono: successfully reloaded assembly
- Completed reload, in  1.088 seconds
Platform modules already initialized, skipping
Refreshing native plugins compatible for Editor in 0.47 ms, found 1 plugins.
Preloading 0 native plugins for Editor in 0.00 ms.
Unloading 1956 Unused Serialized files (Serialized files now loaded: 0)
System memory in use before: 91.2 MB.
System memory in use after: 91.2 MB.

Unloading 13 unused Assets to reduce memory usage. Loaded Objects now: 2427.
Total: 2.330300 ms (FindLiveObjects: 0.220700 ms CreateObjectMapping: 0.084700 ms MarkObjects: 1.875800 ms  DeleteObjects: 0.147700 ms)

========================================================================
Received Import Request.
  Time since last request: 157.577707 seconds.
  path: Assets/Scripts/UIHandler/UIController.cs
  artifactKey: Guid(95f3092f918d4824483c835262594f46) Importer(815301076,1909f56bfc062723c751e8b465ee728b)
Start importing Assets/Scripts/UIHandler/UIController.cs using Guid(95f3092f918d4824483c835262594f46) Importer(815301076,1909f56bfc062723c751e8b465ee728b)  -> (artifact id: '2a77b8404a4ce33b5de12dabb5aef08f') in 0.005852 seconds
  Import took 0.009406 seconds .

========================================================================
Received Prepare
Registering precompiled user dll's ...
Registered in 0.001115 seconds.
Begin MonoManager ReloadAssembly
Native extension for WindowsStandalone target not found
Refreshing native plugins compatible for Editor in 0.40 ms, found 1 plugins.
Preloading 0 native plugins for Editor in 0.00 ms.
Invoked RoslynAnalysisRunner static constructor.
RoslynAnalysisRunner will not be running.
RoslynAnalysisRunner has terminated.
Mono: successfully reloaded assembly
- Completed reload, in  1.086 seconds
Platform modules already initialized, skipping
Refreshing native plugins compatible for Editor in 0.65 ms, found 1 plugins.
Preloading 0 native plugins for Editor in 0.00 ms.
Unloading 1956 Unused Serialized files (Serialized files now loaded: 0)
System memory in use before: 91.2 MB.
System memory in use after: 91.2 MB.

Unloading 13 unused Assets to reduce memory usage. Loaded Objects now: 2431.
Total: 2.482800 ms (FindLiveObjects: 0.279300 ms CreateObjectMapping: 0.080200 ms MarkObjects: 1.974400 ms  DeleteObjects: 0.147500 ms)

========================================================================
Received Prepare
Registering precompiled user dll's ...
Registered in 0.001240 seconds.
Begin MonoManager ReloadAssembly
Native extension for WindowsStandalone target not found
Refreshing native plugins compatible for Editor in 0.48 ms, found 1 plugins.
Preloading 0 native plugins for Editor in 0.00 ms.
Invoked RoslynAnalysisRunner static constructor.
RoslynAnalysisRunner will not be running.
RoslynAnalysisRunner has terminated.
Mono: successfully reloaded assembly
- Completed reload, in  1.088 seconds
Platform modules already initialized, skipping
Refreshing native plugins compatible for Editor in 0.47 ms, found 1 plugins.
Preloading 0 native plugins for Editor in 0.00 ms.
Unloading 1956 Unused Serialized files (Serialized files now loaded: 0)
System memory in use before: 91.2 MB.
System memory in use after: 91.2 MB.

Unloading 13 unused Assets to reduce memory usage. Loaded Objects now: 2435.
Total: 2.288000 ms (FindLiveObjects: 0.203200 ms CreateObjectMapping: 0.080200 ms MarkObjects: 1.870700 ms  DeleteObjects: 0.132400 ms)

AssetImportWorkerClient::OnTransportError - code=2 error=End of file
